<?xml version="1.0" encoding="UTF-8"?>
<!-- Generated by org.testng.reporters.JUnitReportReporter -->
<testsuite hostname="DESKTOP-JDQLD7V" failures="0" tests="1" name="TestClass.selectlanguagefeature" time="55.116" errors="0" timestamp="2025-04-16T16:26:01 IST" skipped="0">
  <testcase classname="TestClass.selectlanguagefeature" name="verifylanguagefunctionality" time="55.116"/>
</testsuite> <!-- TestClass.selectlanguagefeature -->
