<?xml version="1.0" encoding="UTF-8"?>
<!-- Generated by org.testng.reporters.JUnitReportReporter -->
<testsuite hostname="DESKTOP-JDQLD7V" failures="0" tests="1" name="TestClass.ThridPageSocailmedialinks" time="86.943" errors="0" timestamp="2025-04-25T17:12:56 IST" skipped="0">
  <testcase classname="TestClass.ThridPageSocailmedialinks" name="verifythirdpagesbuttons" time="86.943">
    <system-out>
      <![CDATA[What's App page has open successfully
Facebook page has open successfully
Twitter page has open successfully
Linkdin page has open successfully]]>
    </system-out>
  </testcase> <!-- verifythirdpagesbuttons -->
  <system-out>
    <![CDATA[What's App page has open successfully
Facebook page has open successfully
Twitter page has open successfully
Linkdin page has open successfully
take screenshot succesfully]]>
  </system-out>
</testsuite> <!-- TestClass.ThridPageSocailmedialinks -->
