<?xml version="1.0" encoding="UTF-8"?>
<!-- Generated by org.testng.reporters.JUnitReportReporter -->
<testsuite hostname="DESKTOP-JDQLD7V" failures="0" tests="1" name="TestClass.Filterbybench" time="60.537" errors="0" timestamp="2025-04-16T18:11:42 IST" skipped="0">
  <testcase classname="TestClass.Filterbybench" name="verifyfilter" time="60.537"/>
</testsuite> <!-- TestClass.Filterbybench -->
