<?xml version="1.0" encoding="UTF-8"?>
<!-- Generated by org.testng.reporters.JUnitReportReporter -->
<testsuite hostname="DESKTOP-JDQLD7V" failures="0" tests="1" name="TestClass.LatestLegalTabsverificationstest" time="72.566" errors="0" timestamp="2025-04-10T19:23:38 IST" skipped="0">
  <testcase classname="TestClass.LatestLegalTabsverificationstest" name="verifySupremeTab" time="72.566"/>
</testsuite> <!-- TestClass.LatestLegalTabsverificationstest -->
