<?xml version="1.0" encoding="UTF-8"?>
<!-- Generated by org.testng.reporters.JUnitReportReporter -->
<testsuite hostname="DESKTOP-JDQLD7V" failures="0" tests="1" name="TestClass.JudgmentAddNote" time="65.056" errors="0" timestamp="2025-04-15T16:19:57 IST" skipped="0">
  <testcase classname="TestClass.JudgmentAddNote" name="verifyJudgmentAddnote" time="65.056"/>
</testsuite> <!-- TestClass.JudgmentAddNote -->
