<?xml version="1.0" encoding="UTF-8"?>
<!-- Generated by org.testng.reporters.JUnitReportReporter -->
<testsuite hostname="DESKTOP-JDQLD7V" failures="0" tests="1" name="TestClass.SearchwithResult" time="85.121" errors="0" timestamp="2025-04-16T16:12:12 IST" skipped="0">
  <testcase classname="TestClass.SearchwithResult" name="verifySearchrwithinResult" time="85.121"/>
</testsuite> <!-- TestClass.SearchwithResult -->
