<?xml version="1.0" encoding="UTF-8"?>
<!-- Generated by org.testng.reporters.JUnitReportReporter -->
<testsuite hostname="DESKTOP-JDQLD7V" failures="0" tests="1" name="TestClass.NoteShare" time="72.297" errors="0" timestamp="2025-04-25T14:38:55 IST" skipped="0">
  <testcase classname="TestClass.NoteShare" name="verifynewnote" time="72.297"/>
</testsuite> <!-- TestClass.NoteShare -->
