<?xml version="1.0" encoding="UTF-8"?>
<!-- Generated by org.testng.reporters.JUnitReportReporter -->
<testsuite hostname="DESKTOP-JDQLD7V" failures="0" tests="1" name="TestClass.Headerslinksfeature" time="147.028" errors="0" timestamp="2025-04-16T13:41:31 IST" skipped="0">
  <testcase classname="TestClass.Headerslinksfeature" name="VerifyHeadersLinks" time="147.028"/>
</testsuite> <!-- TestClass.Headerslinksfeature -->
