<?xml version="1.0" encoding="UTF-8"?>
<!-- Generated by org.testng.reporters.JUnitReportReporter -->
<testsuite hostname="DESKTOP-JDQLD7V" failures="0" tests="1" name="TestClass.JudgementCitedinfeatures" time="106.757" errors="0" timestamp="2025-04-25T12:57:44 IST" skipped="0">
  <testcase classname="TestClass.JudgementCitedinfeatures" name="FuturecitedinheadnotFunctionality" time="106.757"/>
</testsuite> <!-- TestClass.JudgementCitedinfeatures -->
