<?xml version="1.0" encoding="UTF-8"?>
<!-- Generated by org.testng.reporters.JUnitReportReporter -->
<testsuite hostname="DESKTOP-JDQLD7V" failures="0" tests="1" name="TestClass.selectlanguagefeature" time="53.444" errors="0" timestamp="2025-04-25T15:25:33 IST" skipped="0">
  <testcase classname="TestClass.selectlanguagefeature" name="verifylanguagefunctionality" time="53.444"/>
</testsuite> <!-- TestClass.selectlanguagefeature -->
