<?xml version="1.0" encoding="UTF-8"?>
<!-- Generated by org.testng.reporters.JUnitReportReporter -->
<testsuite hostname="DESKTOP-JDQLD7V" failures="0" tests="1" name="TestClass.Headersoptionsfeatures" time="106.726" errors="0" timestamp="2025-04-15T18:13:47 IST" skipped="0">
  <testcase classname="TestClass.Headersoptionsfeatures" name="VerifyHeadersOptions" time="106.726"/>
</testsuite> <!-- TestClass.Headersoptionsfeatures -->
