<?xml version="1.0" encoding="UTF-8"?>
<!-- Generated by org.testng.reporters.JUnitReportReporter -->
<testsuite hostname="DESKTOP-JDQLD7V" failures="0" tests="1" name="TestClass.LoginTest" time="21.510" errors="0" timestamp="2025-04-05T15:20:39 IST" skipped="0">
  <testcase classname="TestClass.LoginTest" name="verifyLoginforIndividual" time="21.510"/>
</testsuite> <!-- TestClass.LoginTest -->
