<?xml version="1.0" encoding="UTF-8"?>
<!-- Generated by org.testng.reporters.JUnitReportReporter -->
<testsuite hostname="DESKTOP-JDQLD7V" failures="0" tests="1" name="TestClass.FilterFeature" time="77.661" errors="0" timestamp="2025-04-25T12:40:11 IST" skipped="0">
  <testcase classname="TestClass.FilterFeature" name="verifyfilterbycourts" time="77.661"/>
</testsuite> <!-- TestClass.FilterFeature -->
