<?xml version="1.0" encoding="UTF-8"?>
<!-- Generated by org.testng.reporters.JUnitReportReporter -->
<testsuite hostname="DESKTOP-JDQLD7V" failures="0" tests="1" name="TestClass.Gallerytestpage" time="28.961" errors="0" timestamp="2025-04-25T12:45:20 IST" skipped="0">
  <testcase classname="TestClass.Gallerytestpage" name="Actlistverify" time="28.961"/>
</testsuite> <!-- TestClass.Gallerytestpage -->
