<?xml version="1.0" encoding="UTF-8"?>
<!-- Generated by org.testng.reporters.JUnitReportReporter -->
<testsuite hostname="DESKTOP-JDQLD7V" failures="0" tests="1" name="TestClass.NewNotemynote" time="53.982" errors="0" timestamp="2025-04-25T14:30:05 IST" skipped="0">
  <testcase classname="TestClass.NewNotemynote" name="verifynewnote" time="53.982"/>
</testsuite> <!-- TestClass.NewNotemynote -->
