<?xml version="1.0" encoding="UTF-8"?>
<!-- Generated by org.testng.reporters.JUnitReportReporter -->
<testsuite hostname="DESKTOP-JDQLD7V" failures="0" tests="1" name="TestClass.MyBookmarkspagination" time="51.539" errors="0" timestamp="2025-01-25T13:12:26 IST" skipped="0">
  <testcase classname="TestClass.MyBookmarkspagination" name="verifyMyBookmarkspaginations" time="51.539"/>
  <system-out>
    <![CDATA[take screenshot succesfully]]>
  </system-out>
</testsuite> <!-- TestClass.MyBookmarkspagination -->
