<?xml version="1.0" encoding="UTF-8"?>
<!-- Generated by org.testng.reporters.JUnitReportReporter -->
<testsuite hostname="DESKTOP-JDQLD7V" failures="0" tests="1" name="TestClass.ActListAmendmentTimeline" time="62.738" errors="0" timestamp="2025-04-25T17:31:48 IST" skipped="0">
  <testcase classname="TestClass.ActListAmendmentTimeline" name="Actlistverify" time="62.738"/>
</testsuite> <!-- TestClass.ActListAmendmentTimeline -->
