<?xml version="1.0" encoding="UTF-8"?>
<!-- Generated by org.testng.reporters.JUnitReportReporter -->
<testsuite hostname="DESKTOP-JDQLD7V" failures="0" tests="1" name="TestClass.FilterResult" time="58.152" errors="0" timestamp="2025-04-15T16:49:30 IST" skipped="0">
  <testcase classname="TestClass.FilterResult" name="verifysearchfilter" time="58.152"/>
</testsuite> <!-- TestClass.FilterResult -->
