<?xml version="1.0" encoding="UTF-8"?>
<!-- Generated by org.testng.reporters.JUnitReportReporter -->
<testsuite hostname="DESKTOP-JDQLD7V" failures="0" tests="1" name="TestClass.LoginByCorporate" time="42.227" errors="0" timestamp="2025-04-16T13:56:12 IST" skipped="0">
  <testcase classname="TestClass.LoginByCorporate" name="verifyLoginpagebyCorporate" time="42.227"/>
</testsuite> <!-- TestClass.LoginByCorporate -->
