<?xml version="1.0" encoding="UTF-8"?>
<!-- Generated by org.testng.reporters.JUnitReportReporter -->
<testsuite hostname="DESKTOP-JDQLD7V" failures="0" tests="1" name="TestClass.ActListPdfDwn" time="43.831" errors="0" timestamp="2025-04-25T10:38:06 IST" skipped="0">
  <testcase classname="TestClass.ActListPdfDwn" name="verifyActlistforCentralPdf" time="43.831"/>
  <system-out>
    <![CDATA[take screenshot succesfully]]>
  </system-out>
</testsuite> <!-- TestClass.ActListPdfDwn -->
