<?xml version="1.0" encoding="UTF-8"?>
<!-- Generated by org.testng.reporters.JUnitReportReporter -->
<testsuite hostname="DESKTOP-JDQLD7V" failures="0" tests="1" name="TestClass.SearchwithResult" time="81.864" errors="0" timestamp="2025-04-25T14:54:25 IST" skipped="0">
  <testcase classname="TestClass.SearchwithResult" name="verifySearchrwithinResult" time="81.864"/>
</testsuite> <!-- TestClass.SearchwithResult -->
