<?xml version="1.0" encoding="UTF-8"?>
<!-- Generated by org.testng.reporters.JUnitReportReporter -->
<testsuite hostname="DESKTOP-JDQLD7V" failures="0" tests="1" name="TestClass.Aclistverifcationtest" time="322.559" errors="0" timestamp="2025-04-24T16:34:59 IST" skipped="0">
  <testcase classname="TestClass.Aclistverifcationtest" name="testactlistbuttons" time="322.559"/>
</testsuite> <!-- TestClass.Aclistverifcationtest -->
