<?xml version="1.0" encoding="UTF-8"?>
<!-- Generated by org.testng.reporters.JUnitReportReporter -->
<testsuite hostname="DESKTOP-JDQLD7V" failures="0" tests="1" name="TestClass.JudgementShareFeature" time="114.585" errors="0" timestamp="2025-04-15T16:09:35 IST" skipped="0">
  <testcase classname="TestClass.JudgementShareFeature" name="verifyJudgmentshare" time="114.585">
    <system-out>
      <![CDATA[What's App page has open successfully
Facebook page has open successfully
Twitter page has open successfully
Linkdin page has open successfully]]>
    </system-out>
  </testcase> <!-- verifyJudgmentshare -->
  <system-out>
    <![CDATA[What's App page has open successfully
Facebook page has open successfully
Twitter page has open successfully
Linkdin page has open successfully
take screenshot succesfully]]>
  </system-out>
</testsuite> <!-- TestClass.JudgementShareFeature -->
