<?xml version="1.0" encoding="UTF-8"?>
<!-- Generated by org.testng.reporters.JUnitReportReporter -->
<testsuite hostname="DESKTOP-JDQLD7V" failures="0" tests="1" name="TestClass.SaveSearchFeature" time="73.137" errors="0" timestamp="2025-04-16T15:58:12 IST" skipped="0">
  <testcase classname="TestClass.SaveSearchFeature" name="verifySearchSaveFunciton" time="73.137"/>
</testsuite> <!-- TestClass.SaveSearchFeature -->
