<?xml version="1.0" encoding="UTF-8"?>
<!-- Generated by org.testng.reporters.JUnitReportReporter -->
<testsuite hostname="DESKTOP-JDQLD7V" failures="0" tests="1" name="TestClass.PaginationBysuprmecourt" time="183.209" errors="0" timestamp="2025-01-25T18:19:12 IST" skipped="0">
  <testcase classname="TestClass.PaginationBysuprmecourt" name="VerifyPaginationsSC" time="183.209"/>
  <system-out>
    <![CDATA[take screenshot succesfully]]>
  </system-out>
</testsuite> <!-- TestClass.PaginationBysuprmecourt -->
