<?xml version="1.0" encoding="UTF-8"?>
<!-- Generated by org.testng.reporters.JUnitReportReporter -->
<testsuite hostname="DESKTOP-JDQLD7V" failures="0" tests="3" name="TestClass.Headerslinksfeature" time="165.889" errors="0" timestamp="2025-04-28T18:25:23 IST" skipped="2">
  <testcase classname="TestClass.Headerslinksfeature" name="VerifyHeadersLinks" time="127.442"/>
  <testcase classname="TestClass.Headerslinksfeature" name="VerifyHeadersLinks" time="14.162">
    <skipped/>
  </testcase> <!-- VerifyHeadersLinks -->
  <testcase classname="TestClass.Headerslinksfeature" name="VerifyHeadersLinks" time="24.285">
    <skipped/>
  </testcase> <!-- VerifyHeadersLinks -->
</testsuite> <!-- TestClass.Headerslinksfeature -->
