<?xml version="1.0" encoding="UTF-8"?>
<!-- Generated by org.testng.reporters.JUnitReportReporter -->
<testsuite hostname="DESKTOP-JDQLD7V" failures="0" tests="1" name="TestClass.SearchBarfeature" time="108.978" errors="0" timestamp="2025-04-16T16:03:17 IST" skipped="0">
  <testcase classname="TestClass.SearchBarfeature" name="verifySearchBarfunction" time="108.978"/>
</testsuite> <!-- TestClass.SearchBarfeature -->
