<?xml version="1.0" encoding="UTF-8"?>
<!-- Generated by org.testng.reporters.JUnitReportReporter -->
<testsuite hostname="DESKTOP-JDQLD7V" failures="0" tests="1" name="TestClass.iDrafFeaturesTest" time="64.673" errors="0" timestamp="2025-04-15T14:22:07 IST" skipped="0">
  <testcase classname="TestClass.iDrafFeaturesTest" name="Actlistverify" time="64.673"/>
</testsuite> <!-- TestClass.iDrafFeaturesTest -->
