<?xml version="1.0" encoding="UTF-8"?>
<!-- Generated by org.testng.reporters.JUnitReportReporter -->
<testsuite hostname="DESKTOP-JDQLD7V" failures="0" tests="1" name="TestClass.NoteShare" time="64.538" errors="0" timestamp="2025-04-16T15:14:17 IST" skipped="0">
  <testcase classname="TestClass.NoteShare" name="verifynewnote" time="64.538"/>
</testsuite> <!-- TestClass.NoteShare -->
