<?xml version="1.0" encoding="UTF-8"?>
<!-- Generated by org.testng.reporters.JUnitReportReporter -->
<testsuite hostname="DESKTOP-JDQLD7V" failures="0" tests="1" name="TestClass.ourteamtest" time="54.560" errors="0" timestamp="2025-04-05T18:27:46 IST" skipped="0">
  <testcase classname="TestClass.ourteamtest" name="Actlistverify" time="54.560"/>
</testsuite> <!-- TestClass.ourteamtest -->
