<?xml version="1.0" encoding="UTF-8"?>
<!-- Generated by org.testng.reporters.JUnitReportReporter -->
<testsuite hostname="DESKTOP-KV0L4EE" failures="0" tests="1" name="TestClass.Latestcasestest" time="59.890" errors="0" timestamp="2022-10-20T14:36:54 IST" skipped="0">
  <testcase classname="TestClass.Latestcasestest" name="verifyLatestCases" time="59.890"/>
  <system-out>
    <![CDATA[Total no of  Supremecourt , Highcourt , Tribunal:]]>
  </system-out>
</testsuite> <!-- TestClass.Latestcasestest -->
