<?xml version="1.0" encoding="UTF-8"?>
<!-- Generated by org.testng.reporters.JUnitReportReporter -->
<testsuite hostname="DESKTOP-JDQLD7V" failures="0" tests="1" name="TestClass.Blogpaginations" time="422.936" errors="0" timestamp="2025-04-14T14:13:05 IST" skipped="0">
  <testcase classname="TestClass.Blogpaginations" name="verifyBlogPages" time="422.936"/>
  <system-out>
    <![CDATA[take screenshot succesfully]]>
  </system-out>
</testsuite> <!-- TestClass.Blogpaginations -->
