<?xml version="1.0" encoding="UTF-8"?>
<!-- Generated by org.testng.reporters.JUnitReportReporter -->
<testsuite hostname="DESKTOP-JDQLD7V" failures="0" tests="1" name="TestClass.Notebookfind" time="51.412" errors="0" timestamp="2025-04-16T15:08:48 IST" skipped="0">
  <testcase classname="TestClass.Notebookfind" name="verifynewnote" time="51.412"/>
  <system-out>
    <![CDATA[take screenshot succesfully]]>
  </system-out>
</testsuite> <!-- TestClass.Notebookfind -->
