<?xml version="1.0" encoding="UTF-8"?>
<!-- Generated by org.testng.reporters.JUnitReportReporter -->
<testsuite hostname="DESKTOP-JDQLD7V" failures="0" tests="1" name="TestClass.NewNotemynote" time="55.551" errors="0" timestamp="2025-04-16T14:50:05 IST" skipped="0">
  <testcase classname="TestClass.NewNotemynote" name="verifynewnote" time="55.551"/>
</testsuite> <!-- TestClass.NewNotemynote -->
