<?xml version="1.0" encoding="UTF-8"?>
<!-- Generated by org.testng.reporters.JUnitReportReporter -->
<testsuite hostname="DESKTOP-JDQLD7V" failures="0" tests="1" name="TestClass.ProfileFeature" time="51.349" errors="0" timestamp="2025-04-25T14:41:52 IST" skipped="0">
  <testcase classname="TestClass.ProfileFeature" name="VerifyProfileFeature" time="51.349"/>
</testsuite> <!-- TestClass.ProfileFeature -->
