<?xml version="1.0" encoding="UTF-8"?>
<!-- Generated by org.testng.reporters.JUnitReportReporter -->
<testsuite hostname="DESKTOP-KV0L4EE" failures="0" tests="1" name="TestClass.Sample" time="0.751" errors="0" timestamp="2022-10-11T18:16:39 IST" skipped="0">
  <testcase classname="TestClass.Sample" name="test1" time="0.751"/>
  <system-out>
    <![CDATA[test1script execution startsTue Oct 11 18:16:38 IST 2022
test case1
test1script is passsed]]>
  </system-out>
</testsuite> <!-- TestClass.Sample -->
