<?xml version="1.0" encoding="UTF-8"?>
<!-- Generated by org.testng.reporters.JUnitReportReporter -->
<testsuite hostname="DESKTOP-JDQLD7V" failures="0" tests="1" name="TestClass.ActListCentralTimeline" time="58.570" errors="0" timestamp="2025-04-22T14:14:42 IST" skipped="0">
  <testcase classname="TestClass.ActListCentralTimeline" name="Actlistverify" time="58.570"/>
</testsuite> <!-- TestClass.ActListCentralTimeline -->
