<?xml version="1.0" encoding="UTF-8"?>
<!-- Generated by org.testng.reporters.JUnitReportReporter -->
<testsuite hostname="DESKTOP-JDQLD7V" failures="0" tests="1" name="TestClass.Profileactionsfunction" time="88.425" errors="0" timestamp="2025-04-16T17:17:39 IST" skipped="0">
  <testcase classname="TestClass.Profileactionsfunction" name="profileactionsfeatures" time="88.425"/>
</testsuite> <!-- TestClass.Profileactionsfunction -->
