<?xml version="1.0" encoding="UTF-8"?>
<!-- Generated by org.testng.reporters.JUnitReportReporter -->
<testsuite hostname="DESKTOP-JDQLD7V" failures="0" tests="1" name="TestClass.ActListFeatureStatePdf" time="47.575" errors="0" timestamp="2025-01-31T18:16:36 IST" skipped="0">
  <testcase classname="TestClass.ActListFeatureStatePdf" name="ActlistStatePdf" time="47.575"/>
  <system-out>
    <![CDATA[take screenshot succesfully]]>
  </system-out>
</testsuite> <!-- TestClass.ActListFeatureStatePdf -->
