<?xml version="1.0" encoding="UTF-8"?>
<!-- Generated by org.testng.reporters.JUnitReportReporter -->
<testsuite hostname="DESKTOP-JDQLD7V" failures="0" tests="1" name="TestClass.PaginationsverificationForHc" time="144.875" errors="0" timestamp="2025-01-25T18:22:35 IST" skipped="0">
  <testcase classname="TestClass.PaginationsverificationForHc" name="VerifyPaginationsHC" time="144.875"/>
  <system-out>
    <![CDATA[take screenshot succesfully]]>
  </system-out>
</testsuite> <!-- TestClass.PaginationsverificationForHc -->
