<?xml version="1.0" encoding="UTF-8"?>
<!-- Generated by org.testng.reporters.JUnitReportReporter -->
<testsuite hostname="DESKTOP-JDQLD7V" failures="0" tests="1" name="TestClass.ProfileFuctionality" time="34.194" errors="0" timestamp="2025-04-16T15:51:15 IST" skipped="0">
  <testcase classname="TestClass.ProfileFuctionality" name="verifyuserprofile" time="34.194">
    <system-out>
      <![CDATA[verify valid username]]>
    </system-out>
  </testcase> <!-- verifyuserprofile -->
  <system-out>
    <![CDATA[verify valid username]]>
  </system-out>
</testsuite> <!-- TestClass.ProfileFuctionality -->
