<?xml version="1.0" encoding="UTF-8"?>
<!-- Generated by org.testng.reporters.JUnitReportReporter -->
<testsuite hostname="DESKTOP-JDQLD7V" failures="0" tests="1" name="TestClass.Notebookfind" time="52.949" errors="0" timestamp="2025-04-25T14:32:48 IST" skipped="0">
  <testcase classname="TestClass.Notebookfind" name="verifynewnote" time="52.949"/>
  <system-out>
    <![CDATA[take screenshot succesfully]]>
  </system-out>
</testsuite> <!-- TestClass.Notebookfind -->
