<?xml version="1.0" encoding="UTF-8"?>
<!-- Generated by org.testng.reporters.JUnitReportReporter -->
<testsuite hostname="DESKTOP-JDQLD7V" failures="0" tests="1" name="TestClass.Profileactionsfunction" time="86.143" errors="0" timestamp="2025-04-25T14:43:44 IST" skipped="0">
  <testcase classname="TestClass.Profileactionsfunction" name="profileactionsfeatures" time="86.143"/>
</testsuite> <!-- TestClass.Profileactionsfunction -->
