<?xml version="1.0" encoding="UTF-8"?>
<!-- Generated by org.testng.reporters.JUnitReportReporter -->
<testsuite hostname="DESKTOP-JDQLD7V" failures="0" tests="1" name="TestClass.HambugerTest" time="40.568" errors="0" timestamp="2025-04-15T16:54:40 IST" skipped="0">
  <testcase classname="TestClass.HambugerTest" name="HamBugerMenu" time="40.568"/>
</testsuite> <!-- TestClass.HambugerTest -->
