<?xml version="1.0" encoding="UTF-8"?>
<!-- Generated by org.testng.reporters.JUnitReportReporter -->
<testsuite hostname="DESKTOP-JDQLD7V" failures="0" tests="1" name="TestClass.FilterResult" time="58.391" errors="0" timestamp="2025-04-25T12:41:27 IST" skipped="0">
  <testcase classname="TestClass.FilterResult" name="verifysearchfilter" time="58.391"/>
</testsuite> <!-- TestClass.FilterResult -->
