<?xml version="1.0" encoding="UTF-8"?>
<!-- Generated by org.testng.reporters.JUnitReportReporter -->
<testsuite hostname="DESKTOP-JDQLD7V" failures="0" tests="1" name="TestClass.JudgmentPrintPdfFeature" time="55.660" errors="0" timestamp="2025-04-15T16:24:10 IST" skipped="0">
  <testcase classname="TestClass.JudgmentPrintPdfFeature" name="verifyJudgmentshare" time="55.660"/>
</testsuite> <!-- TestClass.JudgmentPrintPdfFeature -->
