<?xml version="1.0" encoding="UTF-8"?>
<!-- Generated by org.testng.reporters.JUnitReportReporter -->
<testsuite hostname="DESKTOP-JDQLD7V" failures="0" tests="1" name="TestClass.HambugerTest" time="38.930" errors="0" timestamp="2025-04-25T12:46:19 IST" skipped="0">
  <testcase classname="TestClass.HambugerTest" name="HamBugerMenu" time="38.930"/>
</testsuite> <!-- TestClass.HambugerTest -->
