<?xml version="1.0" encoding="UTF-8"?>
<!-- Generated by org.testng.reporters.JUnitReportReporter -->
<testsuite hostname="DESKTOP-JDQLD7V" failures="0" tests="1" name="TestClass.Mybookmarkfunctionlity" time="200.839" errors="0" timestamp="2025-04-25T14:13:44 IST" skipped="0">
  <testcase classname="TestClass.Mybookmarkfunctionlity" name="verifybookmarks" time="200.839"/>
</testsuite> <!-- TestClass.Mybookmarkfunctionlity -->
