<?xml version="1.0" encoding="UTF-8"?>
<!-- Generated by org.testng.reporters.JUnitReportReporter -->
<testsuite hostname="DESKTOP-JDQLD7V" failures="0" tests="1" name="TestClass.ActListFeatureStatePdf" time="49.824" errors="0" timestamp="2025-04-24T16:40:31 IST" skipped="0">
  <testcase classname="TestClass.ActListFeatureStatePdf" name="ActlistStatePdf" time="49.824"/>
</testsuite> <!-- TestClass.ActListFeatureStatePdf -->
