<?xml version="1.0" encoding="UTF-8"?>
<!-- Generated by org.testng.reporters.JUnitReportReporter -->
<testsuite hostname="DESKTOP-JDQLD7V" failures="0" tests="1" name="TestClass.ProfileFeature" time="47.831" errors="0" timestamp="2025-04-16T15:47:35 IST" skipped="0">
  <testcase classname="TestClass.ProfileFeature" name="VerifyProfileFeature" time="47.831"/>
</testsuite> <!-- TestClass.ProfileFeature -->
