<?xml version="1.0" encoding="UTF-8"?>
<!-- Generated by org.testng.reporters.JUnitReportReporter -->
<testsuite hostname="DESKTOP-JDQLD7V" failures="0" tests="1" name="TestClass.socialmediallinksoffooter" time="58.788" errors="0" timestamp="2025-04-16T16:32:53 IST" skipped="0">
  <testcase classname="TestClass.socialmediallinksoffooter" name="verifysocailmedialinks" time="58.788"/>
</testsuite> <!-- TestClass.socialmediallinksoffooter -->
