<?xml version="1.0" encoding="UTF-8"?>
<!-- Generated by org.testng.reporters.JUnitReportReporter -->
<testsuite hostname="DESKTOP-JDQLD7V" failures="0" tests="1" name="TestClass.PaginationsVerify" time="93.699" errors="0" timestamp="2024-02-07T12:27:50 IST" skipped="0">
  <testcase classname="TestClass.PaginationsVerify" name="VerifyPaginations" time="93.699"/>
  <system-out/>
</testsuite> <!-- TestClass.PaginationsVerify -->
