<?xml version="1.0" encoding="UTF-8"?>
<!-- Generated by org.testng.reporters.JUnitReportReporter -->
<testsuite hostname="DESKTOP-JDQLD7V" failures="0" tests="1" name="TestClass.sharednotebookfeature" time="59.540" errors="0" timestamp="2025-04-16T16:29:41 IST" skipped="0">
  <testcase classname="TestClass.sharednotebookfeature" name="verifysharedNotebook" time="59.540"/>
</testsuite> <!-- TestClass.sharednotebookfeature -->
