<?xml version="1.0" encoding="UTF-8"?>
<!-- Generated by org.testng.reporters.JUnitReportReporter -->
<testsuite hostname="DESKTOP-JDQLD7V" failures="0" tests="1" name="TestClass.Mynewnotefunctionality" time="57.543" errors="0" timestamp="2025-04-16T14:41:14 IST" skipped="0">
  <testcase classname="TestClass.Mynewnotefunctionality" name="verifynewnote" time="57.543"/>
</testsuite> <!-- TestClass.Mynewnotefunctionality -->
