<?xml version="1.0" encoding="UTF-8"?>
<!-- Generated by org.testng.reporters.JUnitReportReporter -->
<testsuite hostname="DESKTOP-JDQLD7V" failures="0" tests="1" name="TestClass.ContactFooterFeature" time="28.403" errors="0" timestamp="2025-04-25T12:05:01 IST" skipped="0">
  <testcase classname="TestClass.ContactFooterFeature" name="verifycontactfooter" time="28.403"/>
</testsuite> <!-- TestClass.ContactFooterFeature -->
