<?xml version="1.0" encoding="UTF-8"?>
<!-- Generated by org.testng.reporters.JUnitReportReporter -->
<testsuite hostname="DESKTOP-JDQLD7V" failures="0" tests="1" name="TestClass.Headersoptionsfeatures" time="106.223" errors="0" timestamp="2025-04-25T12:51:21 IST" skipped="0">
  <testcase classname="TestClass.Headersoptionsfeatures" name="VerifyHeadersOptions" time="106.223"/>
</testsuite> <!-- TestClass.Headersoptionsfeatures -->
