<?xml version="1.0" encoding="UTF-8"?>
<!-- Generated by org.testng.reporters.JUnitReportReporter -->
<testsuite hostname="DESKTOP-JDQLD7V" failures="0" tests="1" name="TestClass.iDrafFeaturesTest" time="44.286" errors="0" timestamp="2025-04-25T12:54:18 IST" skipped="0">
  <testcase classname="TestClass.iDrafFeaturesTest" name="Actlistverify" time="44.286"/>
</testsuite> <!-- TestClass.iDrafFeaturesTest -->
