<?xml version="1.0" encoding="UTF-8"?>
<!-- Generated by org.testng.reporters.JUnitReportReporter -->
<testsuite hostname="DESKTOP-JDQLD7V" failures="0" tests="1" name="TestClass.Mybookmarkfunctionlity" time="44.950" errors="0" timestamp="2025-04-16T14:30:23 IST" skipped="0">
  <testcase classname="TestClass.Mybookmarkfunctionlity" name="verifybookmarks" time="44.950"/>
</testsuite> <!-- TestClass.Mybookmarkfunctionlity -->
