<?xml version="1.0" encoding="UTF-8"?>
<!-- Generated by org.testng.reporters.JUnitReportReporter -->
<testsuite hostname="DESKTOP-JDQLD7V" failures="0" tests="1" name="TestClass.socialmediallinksoffooter" time="55.323" errors="0" timestamp="2025-04-25T15:39:14 IST" skipped="0">
  <testcase classname="TestClass.socialmediallinksoffooter" name="verifysocailmedialinks" time="55.323"/>
</testsuite> <!-- TestClass.socialmediallinksoffooter -->
