<?xml version="1.0" encoding="UTF-8"?>
<!-- Generated by org.testng.reporters.JUnitReportReporter -->
<testsuite hostname="DESKTOP-JDQLD7V" failures="0" tests="1" name="TestClass.MoveTonotebook" time="45.959" errors="0" timestamp="2025-04-25T14:01:24 IST" skipped="0">
  <testcase classname="TestClass.MoveTonotebook" name="verifyMovetonotebook" time="45.959"/>
</testsuite> <!-- TestClass.MoveTonotebook -->
