<?xml version="1.0" encoding="UTF-8"?>
<!-- Generated by org.testng.reporters.JUnitReportReporter -->
<testsuite hostname="DESKTOP-JDQLD7V" failures="0" tests="1" name="TestClass.VerifydateOfLatestLegalNews" time="60.955" errors="0" timestamp="2025-04-28T15:09:56 IST" skipped="0">
  <testcase classname="TestClass.VerifydateOfLatestLegalNews" name="verifySearchBarfunction" time="60.955"/>
</testsuite> <!-- TestClass.VerifydateOfLatestLegalNews -->
