<?xml version="1.0" encoding="UTF-8"?>
<!-- Generated by org.testng.reporters.JUnitReportReporter -->
<testsuite hostname="DESKTOP-JDQLD7V" failures="0" tests="1" name="TestClass.ActListPdfDwn" time="44.859" errors="0" timestamp="2025-04-14T13:01:31 IST" skipped="0">
  <testcase classname="TestClass.ActListPdfDwn" name="verifyActlistforCentralPdf" time="44.859"/>
  <system-out>
    <![CDATA[take screenshot succesfully]]>
  </system-out>
</testsuite> <!-- TestClass.ActListPdfDwn -->
