<?xml version="1.0" encoding="UTF-8"?>
<!-- Generated by org.testng.reporters.JUnitReportReporter -->
<testsuite hostname="DESKTOP-JDQLD7V" failures="0" tests="1" name="TestClass.Filterbybench" time="57.933" errors="0" timestamp="2025-04-25T12:38:32 IST" skipped="0">
  <testcase classname="TestClass.Filterbybench" name="verifyfilter" time="57.933"/>
</testsuite> <!-- TestClass.Filterbybench -->
