<?xml version="1.0" encoding="UTF-8"?>
<!-- Generated by org.testng.reporters.JUnitReportReporter -->
<testsuite hostname="DESKTOP-JDQLD7V" failures="0" tests="1" name="TestClass.NotebookActionsfeature" time="76.493" errors="0" timestamp="2025-04-25T14:31:39 IST" skipped="0">
  <testcase classname="TestClass.NotebookActionsfeature" name="verifynewnote" time="76.493"/>
</testsuite> <!-- TestClass.NotebookActionsfeature -->
