<?xml version="1.0" encoding="UTF-8"?>
<!-- Generated by org.testng.reporters.JUnitReportReporter -->
<testsuite hostname="DESKTOP-JDQLD7V" failures="0" tests="1" name="TestClass.JudgementCitedinfeatures" time="105.867" errors="0" timestamp="2025-04-15T16:14:15 IST" skipped="0">
  <testcase classname="TestClass.JudgementCitedinfeatures" name="FuturecitedinheadnotFunctionality" time="105.867"/>
</testsuite> <!-- TestClass.JudgementCitedinfeatures -->
