<?xml version="1.0" encoding="UTF-8"?>
<!-- Generated by org.testng.reporters.JUnitReportReporter -->
<testsuite hostname="DESKTOP-JDQLD7V" failures="0" tests="1" name="TestClass.LatestLegalTabsverificationstest" time="41.365" errors="0" timestamp="2025-04-25T13:30:21 IST" skipped="0">
  <testcase classname="TestClass.LatestLegalTabsverificationstest" name="verifySupremeTab" time="41.365"/>
</testsuite> <!-- TestClass.LatestLegalTabsverificationstest -->
