<?xml version="1.0" encoding="UTF-8"?>
<!-- Generated by org.testng.reporters.JUnitReportReporter -->
<testsuite hostname="DESKTOP-JDQLD7V" failures="0" tests="1" name="TestClass.ActListfeatureForState" time="54.070" errors="0" timestamp="2025-01-31T18:13:55 IST" skipped="0">
  <testcase classname="TestClass.ActListfeatureForState" name="Actlistverifyforstate" time="54.070"/>
  <system-out>
    <![CDATA[take screenshot succesfully]]>
  </system-out>
</testsuite> <!-- TestClass.ActListfeatureForState -->
