<?xml version="1.0" encoding="UTF-8"?>
<!-- Generated by org.testng.reporters.JUnitReportReporter -->
<testsuite hostname="DESKTOP-JDQLD7V" failures="0" tests="1" name="TestClass.Blogpaginations" time="437.653" errors="0" timestamp="2025-04-25T10:45:39 IST" skipped="0">
  <testcase classname="TestClass.Blogpaginations" name="verifyBlogPages" time="437.653"/>
  <system-out>
    <![CDATA[take screenshot succesfully]]>
  </system-out>
</testsuite> <!-- TestClass.Blogpaginations -->
