<?xml version="1.0" encoding="UTF-8"?>
<!-- Generated by org.testng.reporters.JUnitReportReporter -->
<testsuite hostname="DESKTOP-JDQLD7V" failures="0" tests="1" name="TestClass.secondaryMaterials" time="167.851" errors="0" timestamp="2025-04-16T16:18:37 IST" skipped="0">
  <testcase classname="TestClass.secondaryMaterials" name="verifysecondarymaterials" time="167.851">
    <system-out>
      <![CDATA[Treaties is working]]>
    </system-out>
  </testcase> <!-- verifysecondarymaterials -->
  <system-out>
    <![CDATA[Treaties is working]]>
  </system-out>
</testsuite> <!-- TestClass.secondaryMaterials -->
