<?xml version="1.0" encoding="UTF-8"?>
<!-- Generated by org.testng.reporters.JUnitReportReporter -->
<testsuite hostname="DESKTOP-JDQLD7V" failures="0" tests="1" name="TestClass.PaginationsVerifyBybench" time="79.047" errors="0" timestamp="2025-04-16T15:18:39 IST" skipped="0">
  <testcase classname="TestClass.PaginationsVerifyBybench" name="VerifyPaginations" time="79.047"/>
</testsuite> <!-- TestClass.PaginationsVerifyBybench -->
